# JRE version: Java(TM) SE Runtime Environment (8.0_221-b11) (build 1.8.0_221-b11)
# Java VM: Java HotSpot(TM) 64-Bit Server VM (25.221-b11 mixed mode linux-amd64 compressed oops)
Heap:
 PSYoungGen      total 148480K, used 148395K [0x00000000f5580000, 0x0000000100000000, 0x0000000100000000)
  eden space 132608K, 100% used [0x00000000f5580000,0x00000000fd700000,0x00000000fd700000)
  from space 15872K, 99% used [0x00000000fd700000,0x00000000fe66afc0,0x00000000fe680000)
  to   space 21504K, 90% used [0x00000000feb00000,0x00000000ffe19fd8,0x0000000100000000)
 ParOldGen       total 181248K, used 34434K [0x00000000e0000000, 0x00000000eb100000, 0x00000000f5580000)
  object space 181248K, 18% used [0x00000000e0000000,0x00000000e21a09a0,0x00000000eb100000)
 Metaspace       used 70023K, capacity 72472K, committed 72664K, reserved 1112064K
  class space    used 9500K, capacity 10173K, committed 10240K, reserved 1048576K
GC Heap History (10 events):
Event: 48.674 GC heap after
Heap after GC invocations=8 (full 2):
 PSYoungGen      total 160256K, used 0K [0x00000000f5580000, 0x0000000100000000, 0x0000000100000000)
  eden space 145408K, 0% used [0x00000000f5580000,0x00000000f5580000,0x00000000fe380000)
  from space 14848K, 0% used [0x00000000ff180000,0x00000000ff180000,0x0000000100000000)
  to   space 14336K, 0% used [0x00000000fe380000,0x00000000fe380000,0x00000000ff180000)
 ParOldGen       total 175104K, used 15397K [0x00000000e0000000, 0x00000000eab00000, 0x00000000f5580000)
  object space 175104K, 8% used [0x00000000e0000000,0x00000000e0f09418,0x00000000eab00000)
 Metaspace       used 34574K, capacity 35146K, committed 35416K, reserved 1079296K
  class space    used 4763K, capacity 4957K, committed 4992K, reserved 1048576K
}
Event: 71.428 GC heap before
{Heap before GC invocations=9 (full 2):
 PSYoungGen      total 160256K, used 145408K [0x00000000f5580000, 0x0000000100000000, 0x0000000100000000)
  eden space 145408K, 100% used [0x00000000f5580000,0x00000000fe380000,0x00000000fe380000)
  from space 14848K, 0% used [0x00000000ff180000,0x00000000ff180000,0x0000000100000000)
  to   space 14336K, 0% used [0x00000000fe380000,0x00000000fe380000,0x00000000ff180000)
 ParOldGen       total 175104K, used 15397K [0x00000000e0000000, 0x00000000eab00000, 0x00000000f5580000)
  object space 175104K, 8% used [0x00000000e0000000,0x00000000e0f09418,0x00000000eab00000)
 Metaspace       used 47063K, capacity 48178K, committed 48472K, reserved 1091584K
  class space    used 6350K, capacity 6660K, committed 6784K, reserved 1048576K
Event: 71.542 GC heap after
Heap after GC invocations=9 (full 2):
 PSYoungGen      total 159744K, used 14317K [0x00000000f5580000, 0x0000000100000000, 0x0000000100000000)
  eden space 145408K, 0% used [0x00000000f5580000,0x00000000f5580000,0x00000000fe380000)
  from space 14336K, 99% used [0x00000000fe380000,0x00000000ff17b610,0x00000000ff180000)
  to   space 14848K, 0% used [0x00000000ff180000,0x00000000ff180000,0x0000000100000000)
 ParOldGen       total 175104K, used 18040K [0x00000000e0000000, 0x00000000eab00000, 0x00000000f5580000)
  object space 175104K, 10% used [0x00000000e0000000,0x00000000e119e2e0,0x00000000eab00000)
 Metaspace       used 47063K, capacity 48178K, committed 48472K, reserved 1091584K
  class space    used 6350K, capacity 6660K, committed 6784K, reserved 1048576K
}
Event: 99.087 GC heap before
{Heap before GC invocations=10 (full 2):
 PSYoungGen      total 159744K, used 135372K [0x00000000f5580000, 0x0000000100000000, 0x0000000100000000)
  eden space 145408K, 83% used [0x00000000f5580000,0x00000000fcbb7cd8,0x00000000fe380000)
  from space 14336K, 99% used [0x00000000fe380000,0x00000000ff17b610,0x00000000ff180000)
  to   space 14848K, 0% used [0x00000000ff180000,0x00000000ff180000,0x0000000100000000)
 ParOldGen       total 175104K, used 18040K [0x00000000e0000000, 0x00000000eab00000, 0x00000000f5580000)
  object space 175104K, 10% used [0x00000000e0000000,0x00000000e119e2e0,0x00000000eab00000)
 Metaspace       used 57339K, capacity 58816K, committed 58968K, reserved 1099776K
  class space    used 7763K, capacity 8227K, committed 8320K, reserved 1048576K
Event: 99.191 GC heap after
Heap after GC invocations=10 (full 2):
 PSYoungGen      total 147456K, used 14841K [0x00000000f5580000, 0x0000000100000000, 0x0000000100000000)
  eden space 132608K, 0% used [0x00000000f5580000,0x00000000f5580000,0x00000000fd700000)
  from space 14848K, 99% used [0x00000000ff180000,0x00000000ffffe420,0x0000000100000000)
  to   space 20992K, 0% used [0x00000000fd700000,0x00000000fd700000,0x00000000feb80000)
 ParOldGen       total 175104K, used 23782K [0x00000000e0000000, 0x00000000eab00000, 0x00000000f5580000)
  object space 175104K, 13% used [0x00000000e0000000,0x00000000e1739a00,0x00000000eab00000)
 Metaspace       used 57339K, capacity 58816K, committed 58968K, reserved 1099776K
  class space    used 7763K, capacity 8227K, committed 8320K, reserved 1048576K
}
Event: 99.191 GC heap before
{Heap before GC invocations=11 (full 3):
 PSYoungGen      total 147456K, used 14841K [0x00000000f5580000, 0x0000000100000000, 0x0000000100000000)
  eden space 132608K, 0% used [0x00000000f5580000,0x00000000f5580000,0x00000000fd700000)
  from space 14848K, 99% used [0x00000000ff180000,0x00000000ffffe420,0x0000000100000000)
  to   space 20992K, 0% used [0x00000000fd700000,0x00000000fd700000,0x00000000feb80000)
 ParOldGen       total 175104K, used 23782K [0x00000000e0000000, 0x00000000eab00000, 0x00000000f5580000)
  object space 175104K, 13% used [0x00000000e0000000,0x00000000e1739a00,0x00000000eab00000)
 Metaspace       used 57339K, capacity 58816K, committed 58968K, reserved 1099776K
  class space    used 7763K, capacity 8227K, committed 8320K, reserved 1048576K
Event: 100.176 GC heap after
Heap after GC invocations=11 (full 3):
 PSYoungGen      total 147456K, used 0K [0x00000000f5580000, 0x0000000100000000, 0x0000000100000000)
  eden space 132608K, 0% used [0x00000000f5580000,0x00000000f5580000,0x00000000fd700000)
  from space 14848K, 0% used [0x00000000ff180000,0x00000000ff180000,0x0000000100000000)
  to   space 20992K, 0% used [0x00000000fd700000,0x00000000fd700000,0x00000000feb80000)
 ParOldGen       total 181248K, used 34418K [0x00000000e0000000, 0x00000000eb100000, 0x00000000f5580000)
  object space 181248K, 18% used [0x00000000e0000000,0x00000000e219c9a0,0x00000000eb100000)
 Metaspace       used 57246K, capacity 58656K, committed 58968K, reserved 1099776K
  class space    used 7739K, capacity 8178K, committed 8320K, reserved 1048576K
}
Event: 109.978 GC heap before
{Heap before GC invocations=12 (full 3):
 PSYoungGen      total 147456K, used 132608K [0x00000000f5580000, 0x0000000100000000, 0x0000000100000000)
  eden space 132608K, 100% used [0x00000000f5580000,0x00000000fd700000,0x00000000fd700000)
  from space 14848K, 0% used [0x00000000ff180000,0x00000000ff180000,0x0000000100000000)
  to   space 20992K, 0% used [0x00000000fd700000,0x00000000fd700000,0x00000000feb80000)
 ParOldGen       total 181248K, used 34418K [0x00000000e0000000, 0x00000000eb100000, 0x00000000f5580000)
  object space 181248K, 18% used [0x00000000e0000000,0x00000000e219c9a0,0x00000000eb100000)
 Metaspace       used 63765K, capacity 65872K, committed 66136K, reserved 1105920K
  class space    used 8712K, capacity 9270K, committed 9344K, reserved 1048576K
Event: 110.099 GC heap after
Heap after GC invocations=12 (full 3):
 PSYoungGen      total 148480K, used 15787K [0x00000000f5580000, 0x0000000100000000, 0x0000000100000000)
  eden space 132608K, 0% used [0x00000000f5580000,0x00000000f5580000,0x00000000fd700000)
  from space 15872K, 99% used [0x00000000fd700000,0x00000000fe66afc0,0x00000000fe680000)
  to   space 21504K, 0% used [0x00000000feb00000,0x00000000feb00000,0x0000000100000000)
 ParOldGen       total 181248K, used 34426K [0x00000000e0000000, 0x00000000eb100000, 0x00000000f5580000)
  object space 181248K, 18% used [0x00000000e0000000,0x00000000e219e9a0,0x00000000eb100000)
 Metaspace       used 63765K, capacity 65872K, committed 66136K, reserved 1105920K
  class space    used 8712K, capacity 9270K, committed 9344K, reserved 1048576K
}
Event: 146.122 GC heap before
{Heap before GC invocations=13 (full 3):
 PSYoungGen      total 148480K, used 148395K [0x00000000f5580000, 0x0000000100000000, 0x0000000100000000)
  eden space 132608K, 100% used [0x00000000f5580000,0x00000000fd700000,0x00000000fd700000)
  from space 15872K, 99% used [0x00000000fd700000,0x00000000fe66afc0,0x00000000fe680000)
  to   space 21504K, 0% used [0x00000000feb00000,0x00000000feb00000,0x0000000100000000)
 ParOldGen       total 181248K, used 34426K [0x00000000e0000000, 0x00000000eb100000, 0x00000000f5580000)
  object space 181248K, 18% used [0x00000000e0000000,0x00000000e219e9a0,0x00000000eb100000)
 Metaspace       used 70023K, capacity 72472K, committed 72664K, reserved 1112064K
  class space    used 9500K, capacity 10173K, committed 10240K, reserved 1048576K

